app/build/intermediates/manifest_merge_blame_file/debug/manifest-merger-blame-debug-report.txt
1<?xml version="1.0" encoding="utf-8"?>
2<manifest xmlns:android="http://schemas.android.com/apk/res/android"
3    package="com.example.autobuydm"
4    android:versionCode="1"
5    android:versionName="1.0" >
6
7    <uses-sdk
8        android:minSdkVersion="15"
8-->src\main\AndroidManifest.xml
9        android:targetSdkVersion="29" />
9-->src\main\AndroidManifest.xml
10
11    <uses-permission android:name="android.permission.CAMERA" />
11-->src\main\AndroidManifest.xml:6:5-64
11-->src\main\AndroidManifest.xml:6:22-62
12    <uses-permission android:name="android.permission.WRITE_EXTERNAL_STORAGE" />
12-->src\main\AndroidManifest.xml:7:5-80
12-->src\main\AndroidManifest.xml:7:22-78
13    <uses-permission android:name="android.permission.READ_EXTERNAL_STORAGE" />
13-->src\main\AndroidManifest.xml:8:5-79
13-->src\main\AndroidManifest.xml:8:22-77
14
15    <application
15-->src\main\AndroidManifest.xml:10:5-52:19
16        android:allowBackup="true"
16-->src\main\AndroidManifest.xml:11:9-35
17        android:appComponentFactory="androidx.core.app.CoreComponentFactory"
17-->[androidx.core:core:1.1.0] AndroidManifest.xml:24:18-86
18        android:debuggable="true"
19        android:icon="@mipmap/ic_launcher"
19-->src\main\AndroidManifest.xml:12:9-43
20        android:label="@string/app_name"
20-->src\main\AndroidManifest.xml:13:9-41
21        android:roundIcon="@mipmap/ic_launcher_round"
21-->src\main\AndroidManifest.xml:14:9-54
22        android:supportsRtl="true"
22-->src\main\AndroidManifest.xml:15:9-35
23        android:testOnly="true"
24        android:theme="@style/AppTheme" >
24-->src\main\AndroidManifest.xml:16:9-40
25        <activity android:name="com.example.autobuydm.MainActivity" >
25-->src\main\AndroidManifest.xml:17:9-23:20
25-->src\main\AndroidManifest.xml:17:19-68
26            <intent-filter>
26-->src\main\AndroidManifest.xml:18:13-22:29
27                <action android:name="android.intent.action.MAIN" />
27-->src\main\AndroidManifest.xml:19:17-69
27-->src\main\AndroidManifest.xml:19:25-66
28
29                <category android:name="android.intent.category.LAUNCHER" />
29-->src\main\AndroidManifest.xml:21:17-77
29-->src\main\AndroidManifest.xml:21:27-74
30            </intent-filter>
31        </activity>
32        <activity
32-->src\main\AndroidManifest.xml:24:9-32:20
33            android:name="com.example.autobuydm.SplashActivity"
33-->src\main\AndroidManifest.xml:25:13-64
34            android:label="@string/app_name" >
34-->src\main\AndroidManifest.xml:26:13-45
35            <intent-filter>
35-->src\main\AndroidManifest.xml:18:13-22:29
36                <action android:name="android.intent.action.MAIN" />
36-->src\main\AndroidManifest.xml:19:17-69
36-->src\main\AndroidManifest.xml:19:25-66
37
38                <category android:name="android.intent.category.LAUNCHER" />
38-->src\main\AndroidManifest.xml:21:17-77
38-->src\main\AndroidManifest.xml:21:27-74
39            </intent-filter>
40        </activity>
41        <activity android:name="com.example.autobuydm.AnuncioActivity" />
41-->src\main\AndroidManifest.xml:33:9-34:48
41-->src\main\AndroidManifest.xml:33:19-71
42        <activity android:name="com.example.autobuydm.CadastroActivity" />
42-->src\main\AndroidManifest.xml:35:9-75
42-->src\main\AndroidManifest.xml:35:19-72
43        <activity android:name="com.example.autobuydm.CadastroAnuncio" />
43-->src\main\AndroidManifest.xml:36:9-73
43-->src\main\AndroidManifest.xml:36:19-71
44        <activity android:name="com.example.autobuydm.CatalogoActivity" />
44-->src\main\AndroidManifest.xml:37:9-74
44-->src\main\AndroidManifest.xml:37:19-72
45        <activity android:name="com.example.autobuydm.LoginActivity" />
45-->src\main\AndroidManifest.xml:38:9-72
45-->src\main\AndroidManifest.xml:38:19-69
46
47        <provider
47-->src\main\AndroidManifest.xml:39:9-48:20
48            android:name="androidx.core.content.FileProvider"
48-->src\main\AndroidManifest.xml:41:13-62
49            android:authorities="com.example.android.fileprovider"
49-->src\main\AndroidManifest.xml:40:13-67
50            android:exported="false"
50-->src\main\AndroidManifest.xml:42:13-37
51            android:grantUriPermissions="true" >
51-->src\main\AndroidManifest.xml:43:13-47
52            <meta-data
52-->src\main\AndroidManifest.xml:44:13-46:53
53                android:name="android.support.FILE_PROVIDER_PATHS"
53-->src\main\AndroidManifest.xml:45:17-67
54                android:resource="@xml/file_paths" />
54-->src\main\AndroidManifest.xml:46:17-51
55        </provider>
56
57        <meta-data
57-->src\main\AndroidManifest.xml:49:9-51:57
58            android:name="preloaded_fonts"
58-->src\main\AndroidManifest.xml:50:13-43
59            android:resource="@array/preloaded_fonts" />
59-->src\main\AndroidManifest.xml:51:13-54
60    </application>
61
62</manifest>